#
# There is insufficient memory for the Java Runtime Environment to continue.
# Native memory allocation (malloc) failed to allocate 1758896 bytes for Chunk::new
# Possible reasons:
#   The system is out of physical RAM or swap space
#   In 32 bit mode, the process size limit was hit
# Possible solutions:
#   Reduce memory load on the system
#   Increase physical memory or swap space
#   Check if swap backing store is full
#   Use 64 bit Java on a 64 bit OS
#   Decrease Java heap size (-Xmx/-Xms)
#   Decrease number of Java threads
#   Decrease Java thread stack sizes (-Xss)
#   Set larger code cache with -XX:ReservedCodeCacheSize=
# This output file may be truncated or incomplete.
#
#  Out of Memory Error (allocation.cpp:390), pid=5324, tid=9976
#
# JRE version: Java(TM) SE Runtime Environment (8.0_73-b02) (build 1.8.0_73-b02)
# Java VM: Java HotSpot(TM) 64-Bit Server VM (25.73-b02 mixed mode windows-amd64 compressed oops)
# Failed to write core dump. Minidumps are not enabled by default on client versions of Windows
#

---------------  T H R E A D  ---------------

Current thread (0x0000000014c1d800):  JavaThread "C2 CompilerThread0" daemon [_thread_in_native, id=9976, stack(0x0000000016260000,0x0000000016360000)]

Stack: [0x0000000016260000,0x0000000016360000]
[error occurred during error reporting (printing stack bounds), id 0xc0000005]

Native frames: (J=compiled Java code, j=interpreted, Vv=VM code, C=native code)


Current CompileTask:
C2:   3154 1237       4       com.android.dx.rop.code.Rops::ropFor (771 bytes)


---------------  P R O C E S S  ---------------

Java Threads: ( => current thread )
  0x000000001679d800 JavaThread "pool-2-thread-4" [_thread_in_Java, id=10400, stack(0x0000000016f60000,0x0000000017060000)]
  0x0000000016683000 JavaThread "pool-3-thread-1" [_thread_blocked, id=2084, stack(0x0000000016c60000,0x0000000016d60000)]
  0x000000001656e000 JavaThread "Service Thread" daemon [_thread_blocked, id=7984, stack(0x0000000016960000,0x0000000016a60000)]
  0x0000000014c7c800 JavaThread "C1 CompilerThread2" daemon [_thread_blocked, id=10584, stack(0x0000000016460000,0x0000000016560000)]
  0x0000000014c76000 JavaThread "C2 CompilerThread1" daemon [_thread_in_native, id=10728, stack(0x0000000016360000,0x0000000016460000)]
=>0x0000000014c1d800 JavaThread "C2 CompilerThread0" daemon [_thread_in_native, id=9976, stack(0x0000000016260000,0x0000000016360000)]
  0x0000000014c1b000 JavaThread "Attach Listener" daemon [_thread_blocked, id=11152, stack(0x0000000016160000,0x0000000016260000)]
  0x0000000014c19800 JavaThread "Signal Dispatcher" daemon [_thread_blocked, id=10096, stack(0x0000000016060000,0x0000000016160000)]
  0x0000000002546800 JavaThread "Finalizer" daemon [_thread_blocked, id=8160, stack(0x0000000015e80000,0x0000000015f80000)]
  0x000000000253d800 JavaThread "Reference Handler" daemon [_thread_blocked, id=10592, stack(0x0000000015d80000,0x0000000015e80000)]
  0x00000000021ae000 JavaThread "main" [_thread_blocked, id=1944, stack(0x0000000002250000,0x0000000002350000)]

Other Threads:
  0x0000000014be8000 VMThread [stack: 0x0000000015c80000,0x0000000015d80000] [id=8260]
  0x0000000016566800 WatcherThread [stack: 0x0000000016a60000,0x0000000016b60000] [id=10720]

VM state:not at safepoint (normal execution)

VM Mutex/Monitor currently owned by a thread: None

Heap:
 PSYoungGen      total 38400K, used 19065K [0x00000000eab00000, 0x00000000ef600000, 0x0000000100000000)
  eden space 33280K, 41% used [0x00000000eab00000,0x00000000eb8a1d68,0x00000000ecb80000)
  from space 5120K, 99% used [0x00000000ecb80000,0x00000000ed07c7c8,0x00000000ed080000)
  to   space 5120K, 0% used [0x00000000ef100000,0x00000000ef100000,0x00000000ef600000)
 ParOldGen       total 87552K, used 2166K [0x00000000c0000000, 0x00000000c5580000, 0x00000000eab00000)
  object space 87552K, 2% used [0x00000000c0000000,0x00000000c021da08,0x00000000c5580000)
 Metaspace       used 5736K, capacity 6832K, committed 7040K, reserved 1056768K
  class space    used 578K, capacity 616K, committed 640K, reserved 1048576K

Card table byte_map: [0x0000000011910000,0x0000000011b20000] byte_map_base: 0x0000000011310000

Marking Bits: (ParMarkBitMap*) 0x000000006ac00600
 Begin Bits: [0x0000000012080000, 0x0000000013080000)
 End Bits:   [0x0000000013080000, 0x0000000014080000)

Polling page: 0x0000000000950000

CodeCache: size=245760Kb used=4898Kb max_used=4907Kb free=240861Kb
 bounds [0x0000000002550000, 0x0000000002a30000, 0x0000000011550000]
 total_blobs=1506 nmethods=1242 adapters=177
 compilation: enabled

Compilation events (10 events):
Event: 3.014 Thread 0x0000000014c76000 nmethod 1240 0x0000000002a15fd0 code [0x0000000002a16160, 0x0000000002a16718]
Event: 3.014 Thread 0x0000000014c76000 1241       4       com.android.dx.rop.code.SourcePosition::<init> (50 bytes)
Event: 3.015 Thread 0x0000000014c76000 nmethod 1241 0x000000000291f350 code [0x000000000291f480, 0x000000000291f538]
Event: 3.015 Thread 0x0000000014c76000 1239       4       com.android.dx.rop.code.ThrowingCstInsn::<init> (51 bytes)
Event: 3.017 Thread 0x0000000014c76000 nmethod 1239 0x0000000002a17210 code [0x0000000002a17360, 0x0000000002a17518]
Event: 3.018 Thread 0x0000000014c76000 1243       4       com.android.dx.cf.code.ExecutionStack::peek (42 bytes)
Event: 3.019 Thread 0x0000000014c76000 nmethod 1243 0x0000000002a15c90 code [0x0000000002a15de0, 0x0000000002a15eb8]
Event: 3.025 Thread 0x0000000014c76000 1244   !   4       com.android.dx.cf.code.RopperMachine::run (1550 bytes)
Event: 3.069 Thread 0x0000000014c7c800 1249       3       com.android.dx.util.Hex::u2 (44 bytes)
Event: 3.070 Thread 0x0000000014c7c800 nmethod 1249 0x0000000002a18110 code [0x0000000002a182c0, 0x0000000002a18938]

GC Heap History (2 events):
Event: 2.743 GC heap before
{Heap before GC invocations=1 (full 0):
 PSYoungGen      total 38400K, used 33280K [0x00000000eab00000, 0x00000000ed580000, 0x0000000100000000)
  eden space 33280K, 100% used [0x00000000eab00000,0x00000000ecb80000,0x00000000ecb80000)
  from space 5120K, 0% used [0x00000000ed080000,0x00000000ed080000,0x00000000ed580000)
  to   space 5120K, 0% used [0x00000000ecb80000,0x00000000ecb80000,0x00000000ed080000)
 ParOldGen       total 87552K, used 0K [0x00000000c0000000, 0x00000000c5580000, 0x00000000eab00000)
  object space 87552K, 0% used [0x00000000c0000000,0x00000000c0000000,0x00000000c5580000)
 Metaspace       used 5725K, capacity 6832K, committed 7040K, reserved 1056768K
  class space    used 578K, capacity 616K, committed 640K, reserved 1048576K
Event: 2.865 GC heap after
Heap after GC invocations=1 (full 0):
 PSYoungGen      total 38400K, used 5105K [0x00000000eab00000, 0x00000000ef600000, 0x0000000100000000)
  eden space 33280K, 0% used [0x00000000eab00000,0x00000000eab00000,0x00000000ecb80000)
  from space 5120K, 99% used [0x00000000ecb80000,0x00000000ed07c7c8,0x00000000ed080000)
  to   space 5120K, 0% used [0x00000000ef100000,0x00000000ef100000,0x00000000ef600000)
 ParOldGen       total 87552K, used 2166K [0x00000000c0000000, 0x00000000c5580000, 0x00000000eab00000)
  object space 87552K, 2% used [0x00000000c0000000,0x00000000c021da08,0x00000000c5580000)
 Metaspace       used 5725K, capacity 6832K, committed 7040K, reserved 1056768K
  class space    used 578K, capacity 616K, committed 640K, reserved 1048576K
}

Deoptimization events (10 events):
Event: 2.140 Thread 0x000000001679d800 Uncommon trap: reason=unstable_if action=reinterpret pc=0x000000000281a70c method=com.android.dx.rop.code.RegisterSpec.equals(ILcom/android/dx/rop/type/TypeBearer;Lcom/android/dx/rop/code/LocalItem;)Z @ 24
Event: 2.141 Thread 0x000000001679d800 Uncommon trap: reason=unstable_if action=reinterpret pc=0x0000000002809a24 method=java.util.HashMap.getNode(ILjava/lang/Object;)Ljava/util/HashMap$Node; @ 129
Event: 2.141 Thread 0x000000001679d800 Uncommon trap: reason=unstable_if action=reinterpret pc=0x000000000295f69c method=java.util.HashMap.putVal(ILjava/lang/Object;Ljava/lang/Object;ZZ)Ljava/lang/Object; @ 193
Event: 2.167 Thread 0x000000001679d800 Uncommon trap: reason=unloaded action=reinterpret pc=0x000000000285af6c method=com.android.dx.ssa.SsaRenamer$BlockRenamer.visitMoveInsn(Lcom/android/dx/ssa/NormalSsaInsn;)V @ 208
Event: 2.168 Thread 0x000000001679d800 Uncommon trap: reason=unstable_if action=reinterpret pc=0x000000000290f0d0 method=com.android.dx.ssa.NormalSsaInsn.getLocalAssignment()Lcom/android/dx/rop/code/RegisterSpec; @ 12
Event: 2.168 Thread 0x000000001679d800 Uncommon trap: reason=unstable_if action=reinterpret pc=0x00000000028ae668 method=com.android.dx.ssa.NormalSsaInsn.getLocalAssignment()Lcom/android/dx/rop/code/RegisterSpec; @ 12
Event: 2.169 Thread 0x000000001679d800 Uncommon trap: reason=unstable_if action=reinterpret pc=0x0000000002893070 method=com.android.dx.ssa.NormalSsaInsn.getLocalAssignment()Lcom/android/dx/rop/code/RegisterSpec; @ 12
Event: 2.525 Thread 0x000000001679d800 Uncommon trap: reason=unstable_if action=reinterpret pc=0x00000000029e418c method=com.android.dx.rop.code.RegisterSpec.equals(ILcom/android/dx/rop/type/TypeBearer;Lcom/android/dx/rop/code/LocalItem;)Z @ 16
Event: 2.525 Thread 0x000000001679d800 Uncommon trap: reason=unstable_if action=reinterpret pc=0x00000000029b9b20 method=com.android.dx.rop.code.RegisterSpec.equals(ILcom/android/dx/rop/type/TypeBearer;Lcom/android/dx/rop/code/LocalItem;)Z @ 16
Event: 2.527 Thread 0x000000001679d800 Uncommon trap: reason=unstable_if action=reinterpret pc=0x00000000029aaefc method=com.android.dx.rop.code.RegisterSpec.equals(ILcom/android/dx/rop/type/TypeBearer;Lcom/android/dx/rop/code/LocalItem;)Z @ 16

Internal exceptions (2 events):
Event: 0.307 Thread 0x00000000021ae000 Exception <a 'java/lang/NoSuchMethodError': Method sun.misc.Unsafe.defineClass(Ljava/lang/String;[BII)Ljava/lang/Class; name or signature does not match> (0x00000000eab0d9a0) thrown at [D:\re\puppet\workspace\8-2-build-windows-amd64-cygwin\jdk8u73\6086\hotW&8”§Ó?
Event: 0.307 Thread 0x00000000021ae000 Exception <a 'java/lang/NoSuchMethodError': Method sun.misc.Unsafe.prefetchRead(Ljava/lang/Object;J)V name or signature does not match> (0x00000000eab0dc88) thrown at [D:\re\puppet\workspace\8-2-build-windows-amd64-cygwin\jdk8u73\6086\hotspot\src\share\vm\

Events (10 events):
Event: 2.527 Thread 0x000000001679d800 DEOPT UNPACKING pc=0x000000000259582a sp=0x000000001705e720 mode 2
Event: 2.605 loading class java/util/HashMap$KeySet
Event: 2.606 loading class java/util/HashMap$KeySet done
Event: 2.606 loading class java/util/HashMap$KeyIterator
Event: 2.606 loading class java/util/HashMap$KeyIterator done
Event: 2.619 Executing VM operation: ParallelGCFailedAllocation
Event: 2.865 Executing VM operation: ParallelGCFailedAllocation done
Event: 2.879 Thread 0x000000001679a800 Thread exited: 0x000000001679a800
Event: 2.904 Thread 0x000000001679c800 Thread exited: 0x000000001679c800
Event: 2.914 Thread 0x0000000016682800 Thread exited: 0x0000000016682800


Dynamic libraries:
0x00007ff623170000 - 0x00007ff6231a7000 	C:\Program Files\Java\jdk1.8.0_73\bin\java.exe
0x00007ffc9c400000 - 0x00007ffc9c5c2000 	C:\WINDOWS\SYSTEM32\ntdll.dll
0x00007ffc9a4a0000 - 0x00007ffc9a54d000 	C:\WINDOWS\system32\KERNEL32.DLL
0x00007ffc998b0000 - 0x00007ffc99a8d000 	C:\WINDOWS\system32\KERNELBASE.dll
0x00007ffc9a780000 - 0x00007ffc9a826000 	C:\WINDOWS\system32\ADVAPI32.dll
0x00007ffc99f60000 - 0x00007ffc99ffd000 	C:\WINDOWS\system32\msvcrt.dll
0x00007ffc99f00000 - 0x00007ffc99f5b000 	C:\WINDOWS\system32\sechost.dll
0x00007ffc9a0a0000 - 0x00007ffc9a1c6000 	C:\WINDOWS\system32\RPCRT4.dll
0x00007ffc9aa10000 - 0x00007ffc9ab5e000 	C:\WINDOWS\system32\USER32.dll
0x00007ffc99af0000 - 0x00007ffc99c76000 	C:\WINDOWS\system32\GDI32.dll
0x00007ffc91a10000 - 0x00007ffc91c84000 	C:\WINDOWS\WinSxS\amd64_microsoft.windows.common-controls_6595b64144ccf1df_6.0.10240.16384_none_f41f7b285750ef43\COMCTL32.dll
0x00007ffc9a2b0000 - 0x00007ffc9a2e6000 	C:\WINDOWS\system32\IMM32.DLL
0x00007ffc9a5c0000 - 0x00007ffc9a71c000 	C:\WINDOWS\system32\MSCTF.dll
0x0000000069f90000 - 0x000000006a062000 	C:\Program Files\Java\jdk1.8.0_73\jre\bin\msvcr100.dll
0x000000006a3f0000 - 0x000000006ac80000 	C:\Program Files\Java\jdk1.8.0_73\jre\bin\server\jvm.dll
0x00007ffc9c0d0000 - 0x00007ffc9c0d8000 	C:\WINDOWS\system32\PSAPI.DLL
0x00007ffc911d0000 - 0x00007ffc911d9000 	C:\WINDOWS\SYSTEM32\WSOCK32.dll
0x00007ffc9a030000 - 0x00007ffc9a099000 	C:\WINDOWS\system32\WS2_32.dll
0x00007ffc9a5b0000 - 0x00007ffc9a5b8000 	C:\WINDOWS\system32\NSI.dll
0x00007ffc97470000 - 0x00007ffc97493000 	C:\WINDOWS\SYSTEM32\WINMM.dll
0x00007ffc90cc0000 - 0x00007ffc90cca000 	C:\WINDOWS\SYSTEM32\VERSION.dll
0x00007ffc97410000 - 0x00007ffc9743c000 	C:\WINDOWS\SYSTEM32\WINMMBASE.dll
0x00007ffc99860000 - 0x00007ffc998a4000 	C:\WINDOWS\system32\cfgmgr32.dll
0x00007ffc97760000 - 0x00007ffc97787000 	C:\WINDOWS\SYSTEM32\DEVOBJ.dll
0x000000006bc40000 - 0x000000006bc4f000 	C:\Program Files\Java\jdk1.8.0_73\jre\bin\verify.dll
0x000000006a3c0000 - 0x000000006a3e9000 	C:\Program Files\Java\jdk1.8.0_73\jre\bin\java.dll
0x000000006a3a0000 - 0x000000006a3b6000 	C:\Program Files\Java\jdk1.8.0_73\jre\bin\zip.dll
0x00007ffc9ab60000 - 0x00007ffc9c0c8000 	C:\WINDOWS\system32\SHELL32.dll
0x00007ffc991d0000 - 0x00007ffc997f8000 	C:\WINDOWS\system32\windows.storage.dll
0x00007ffc99c80000 - 0x00007ffc99efc000 	C:\WINDOWS\system32\combase.dll
0x00007ffc9a550000 - 0x00007ffc9a5a1000 	C:\WINDOWS\system32\shlwapi.dll
0x00007ffc98e60000 - 0x00007ffc98e6f000 	C:\WINDOWS\system32\kernel.appcore.dll
0x00007ffc98e90000 - 0x00007ffc98f43000 	C:\WINDOWS\system32\shcore.dll
0x00007ffc98e10000 - 0x00007ffc98e5a000 	C:\WINDOWS\system32\powrprof.dll
0x00007ffc98df0000 - 0x00007ffc98e03000 	C:\WINDOWS\system32\profapi.dll
0x00007ffc9a950000 - 0x00007ffc9aa0e000 	C:\WINDOWS\system32\OLEAUT32.dll

VM Arguments:
jvm_args: -Djava.awt.headless=true -Xmx1024M -Dfile.encoding=windows-1252 -Duser.country=US -Duser.language=en -Duser.variant 
java_command: com.android.dx.command.Main --dex --force-jumbo --num-threads=4 --multi-dex --output C:\Users\Geoffrey\Google Drive\AndroidStudioProjects\JustJava2\app\build\intermediates\transforms\dex\debug\folders\1000\5\slice_2 C:\Users\Geoffrey\Google Drive\AndroidStudioProjects\JustJava2\app\build\intermediates\transforms\instantRunSlicer\debug\folders\1\5\slice_2
java_class_path (initial): C:\Users\Geoffrey\AppData\Local\Android\sdk\build-tools\23.0.2\lib\dx.jar
Launcher Type: SUN_STANDARD

Environment Variables:
JAVA_HOME=C:\Program Files\Java\jdk1.8.0_73
CLASSPATH=c:\program files\java\jdk1.7.0_40\db\lib\derby.jar;c:\program files\java\jdk1.7.0_40\db\lib\derbytools.jar
PATH=C:\ProgramData\Oracle\Java\javapath;C:\Program Files (x86)\Intel\iCLS Client\;C:\Program Files\Intel\iCLS Client\;C:\WINDOWS\system32;C:\WINDOWS;C:\WINDOWS\System32\Wbem;C:\WINDOWS\System32\WindowsPowerShell\v1.0\;C:\Program Files (x86)\Intel\OpenCL SDK\2.0\bin\x86;C:\Program Files (x86)\Intel\OpenCL SDK\2.0\bin\x64;C:\Program Files (x86)\Windows Live\Shared;C:\Program Files (x86)\Git\cmd;;C:\Program Files (x86)\Ampps\php;C:\ProgramData\Composer\bin;C:\Program Files (x86)\GnuWin32\bin;C:\Program Files\Intel\WiFi\bin\;C:\Program Files\Common Files\Intel\WirelessCommon\;C:\Program Files\Java\jdk1.8.0_73\bin;C:\HashiCorp\Vagrant\bin;;C:\Program Files (x86)\Intel\Intel(R) Management Engine Components\DAL;C:\Program Files\Intel\Intel(R) Management Engine Components\DAL;C:\Program Files (x86)\Intel\Intel(R) Management Engine Components\IPT;C:\Program Files\Intel\Intel(R) Management Engine Components\IPT;C:\RailsInstaller\Ruby1.9.3\bin;C:\Program Files\Intel\WiFi\bin\;C:\Program Files\Common Files\Intel\WirelessCommon\
USERNAME=Geoffrey
OS=Windows_NT
PROCESSOR_IDENTIFIER=Intel64 Family 6 Model 58 Stepping 9, GenuineIntel



---------------  S Y S T E M  ---------------

OS: Windows 10.0 , 64 bit Build 10240 (10.0.10240.16384)

CPU:total 4 (2 cores per cpu, 2 threads per core) family 6 model 58 stepping 9, cmov, cx8, fxsr, mmx, sse, sse2, sse3, ssse3, sse4.1, sse4.2, popcnt, avx, aes, clmul, erms, ht, tsc, tscinvbit, tscinv

Memory: 4k page, physical 8271552k(1229780k free), swap 9320128k(7164k free)

vm_info: Java HotSpot(TM) 64-Bit Server VM (25.73-b02) for windows-amd64 JRE (1.8.0_73-b02), built on Jan 29 2016 17:38:49 by "java_re" with MS VC++ 10.0 (VS2010)

time: Fri Apr 15 01:06:13 2016
elapsed time: 3 seconds (0d 0h 0m 3s)

