#
# There is insufficient memory for the Java Runtime Environment to continue.
# Native memory allocation (malloc) failed to allocate 158816 bytes for Chunk::new
# Possible reasons:
#   The system is out of physical RAM or swap space
#   In 32 bit mode, the process size limit was hit
# Possible solutions:
#   Reduce memory load on the system
#   Increase physical memory or swap space
#   Check if swap backing store is full
#   Use 64 bit Java on a 64 bit OS
#   Decrease Java heap size (-Xmx/-Xms)
#   Decrease number of Java threads
#   Decrease Java thread stack sizes (-Xss)
#   Set larger code cache with -XX:ReservedCodeCacheSize=
# This output file may be truncated or incomplete.
#
#  Out of Memory Error (allocation.cpp:390), pid=10588, tid=6316
#
# JRE version: Java(TM) SE Runtime Environment (8.0_73-b02) (build 1.8.0_73-b02)
# Java VM: Java HotSpot(TM) 64-Bit Server VM (25.73-b02 mixed mode windows-amd64 compressed oops)
# Failed to write core dump. Minidumps are not enabled by default on client versions of Windows
#

---------------  T H R E A D  ---------------

Current thread (0x0000000014766800):  JavaThread "C2 CompilerThread1" daemon [_thread_in_native, id=6316, stack(0x0000000015e50000,0x0000000015f50000)]

Stack: [0x0000000015e50000,0x0000000015f50000]
[error occurred during error reporting (printing stack bounds), id 0xc0000005]

Native frames: (J=compiled Java code, j=interpreted, Vv=VM code, C=native code)


Current CompileTask:
C2:   3589 1629   !   4       com.android.dx.cf.code.BytecodeArray::parseInstruction (2764 bytes)


---------------  P R O C E S S  ---------------

Java Threads: ( => current thread )
  0x00000000162b8800 JavaThread "pool-2-thread-4" [_thread_in_vm, id=3528, stack(0x0000000017250000,0x0000000017350000)]
  0x00000000162b8000 JavaThread "pool-2-thread-3" [_thread_in_Java, id=10856, stack(0x0000000017150000,0x0000000017250000)]
  0x00000000162b7000 JavaThread "pool-2-thread-2" [_thread_blocked, id=9472, stack(0x0000000017050000,0x0000000017150000)]
  0x00000000162b4800 JavaThread "pool-3-thread-1" [_thread_blocked, id=2436, stack(0x0000000016f50000,0x0000000017050000)]
  0x00000000162b3800 JavaThread "pool-2-thread-1" [_thread_blocked, id=6280, stack(0x0000000016e50000,0x0000000016f50000)]
  0x000000001605f000 JavaThread "Service Thread" daemon [_thread_blocked, id=11136, stack(0x0000000016450000,0x0000000016550000)]
  0x000000001476c800 JavaThread "C1 CompilerThread2" daemon [_thread_blocked, id=8268, stack(0x0000000015f50000,0x0000000016050000)]
=>0x0000000014766800 JavaThread "C2 CompilerThread1" daemon [_thread_in_native, id=6316, stack(0x0000000015e50000,0x0000000015f50000)]
  0x000000001470d800 JavaThread "C2 CompilerThread0" daemon [_thread_in_native, id=6228, stack(0x0000000015d50000,0x0000000015e50000)]
  0x000000001470b000 JavaThread "Attach Listener" daemon [_thread_blocked, id=9920, stack(0x0000000015c50000,0x0000000015d50000)]
  0x000000001470a000 JavaThread "Signal Dispatcher" daemon [_thread_blocked, id=9316, stack(0x0000000015b50000,0x0000000015c50000)]
  0x0000000002036800 JavaThread "Finalizer" daemon [_thread_blocked, id=7180, stack(0x0000000015970000,0x0000000015a70000)]
  0x000000000202d800 JavaThread "Reference Handler" daemon [_thread_blocked, id=9276, stack(0x0000000015870000,0x0000000015970000)]
  0x0000000001dbe000 JavaThread "main" [_thread_in_vm, id=9824, stack(0x0000000001dc0000,0x0000000001ec0000)]

Other Threads:
  0x00000000146d8000 VMThread [stack: 0x0000000015770000,0x0000000015870000] [id=10204]
  0x0000000016056000 WatcherThread [stack: 0x0000000016550000,0x0000000016650000] [id=2348]

VM state:not at safepoint (normal execution)

VM Mutex/Monitor currently owned by a thread: None

Heap:
 PSYoungGen      total 38400K, used 15181K [0x00000000eab00000, 0x00000000ef600000, 0x0000000100000000)
  eden space 33280K, 30% used [0x00000000eab00000,0x00000000eb4d97d8,0x00000000ecb80000)
  from space 5120K, 99% used [0x00000000ecb80000,0x00000000ed079fe0,0x00000000ed080000)
  to   space 5120K, 0% used [0x00000000ef100000,0x00000000ef100000,0x00000000ef600000)
 ParOldGen       total 87552K, used 10500K [0x00000000c0000000, 0x00000000c5580000, 0x00000000eab00000)
  object space 87552K, 11% used [0x00000000c0000000,0x00000000c0a41208,0x00000000c5580000)
 Metaspace       used 6267K, capacity 7152K, committed 7296K, reserved 1056768K
  class space    used 602K, capacity 616K, committed 640K, reserved 1048576K

Card table byte_map: [0x0000000011400000,0x0000000011610000] byte_map_base: 0x0000000010e00000

Marking Bits: (ParMarkBitMap*) 0x000000006ac00600
 Begin Bits: [0x0000000011b70000, 0x0000000012b70000)
 End Bits:   [0x0000000012b70000, 0x0000000013b70000)

Polling page: 0x0000000000300000

CodeCache: size=245760Kb used=6640Kb max_used=6654Kb free=239119Kb
 bounds [0x0000000002040000, 0x00000000026d0000, 0x0000000011040000]
 total_blobs=1885 nmethods=1616 adapters=182
 compilation: enabled

Compilation events (10 events):
Event: 3.526 Thread 0x000000001476c800 1638       2       com.android.dx.rop.cst.CstString::stringToUtf8Bytes (175 bytes)
Event: 3.527 Thread 0x000000001476c800 nmethod 1638 0x00000000026b2950 code [0x00000000026b2ae0, 0x00000000026b3018]
Event: 3.529 Thread 0x000000001476c800 1639       2       com.android.dx.ssa.SsaMethod::updateOneDefinition (70 bytes)
Event: 3.530 Thread 0x000000001476c800 nmethod 1639 0x00000000026b2190 code [0x00000000026b2320, 0x00000000026b2668]
Event: 3.530 Thread 0x000000001476c800 1642       2       com.android.dx.ssa.LiteralOpUpgrader$1::visitNonMoveInsn (203 bytes)
Event: 3.532 Thread 0x000000001476c800 nmethod 1642 0x00000000026bcd10 code [0x00000000026bd060, 0x00000000026bdec8]
Event: 3.540 Thread 0x000000001476c800 1644       2       com.android.dx.rop.cst.CstLiteral64::equals (36 bytes)
Event: 3.540 Thread 0x000000001476c800 nmethod 1644 0x00000000026bf450 code [0x00000000026bf5a0, 0x00000000026bf790]
Event: 3.545 Thread 0x0000000014766800 nmethod 1614 0x00000000026c31d0 code [0x00000000026c33c0, 0x00000000026c40e8]
Event: 3.545 Thread 0x0000000014766800 1629   !   4       com.android.dx.cf.code.BytecodeArray::parseInstruction (2764 bytes)

GC Heap History (6 events):
Event: 1.997 GC heap before
{Heap before GC invocations=1 (full 0):
 PSYoungGen      total 38400K, used 33280K [0x00000000eab00000, 0x00000000ed580000, 0x0000000100000000)
  eden space 33280K, 100% used [0x00000000eab00000,0x00000000ecb80000,0x00000000ecb80000)
  from space 5120K, 0% used [0x00000000ed080000,0x00000000ed080000,0x00000000ed580000)
  to   space 5120K, 0% used [0x00000000ecb80000,0x00000000ecb80000,0x00000000ed080000)
 ParOldGen       total 87552K, used 0K [0x00000000c0000000, 0x00000000c5580000, 0x00000000eab00000)
  object space 87552K, 0% used [0x00000000c0000000,0x00000000c0000000,0x00000000c5580000)
 Metaspace       used 5999K, capacity 6896K, committed 7040K, reserved 1056768K
  class space    used 601K, capacity 616K, committed 640K, reserved 1048576K
Event: 2.006 GC heap after
Heap after GC invocations=1 (full 0):
 PSYoungGen      total 38400K, used 5110K [0x00000000eab00000, 0x00000000ed580000, 0x0000000100000000)
  eden space 33280K, 0% used [0x00000000eab00000,0x00000000eab00000,0x00000000ecb80000)
  from space 5120K, 99% used [0x00000000ecb80000,0x00000000ed07dbb8,0x00000000ed080000)
  to   space 5120K, 0% used [0x00000000ed080000,0x00000000ed080000,0x00000000ed580000)
 ParOldGen       total 87552K, used 1077K [0x00000000c0000000, 0x00000000c5580000, 0x00000000eab00000)
  object space 87552K, 1% used [0x00000000c0000000,0x00000000c010d438,0x00000000c5580000)
 Metaspace       used 5999K, capacity 6896K, committed 7040K, reserved 1056768K
  class space    used 601K, capacity 616K, committed 640K, reserved 1048576K
}
Event: 2.995 GC heap before
{Heap before GC invocations=2 (full 0):
 PSYoungGen      total 38400K, used 38390K [0x00000000eab00000, 0x00000000ed580000, 0x0000000100000000)
  eden space 33280K, 100% used [0x00000000eab00000,0x00000000ecb80000,0x00000000ecb80000)
  from space 5120K, 99% used [0x00000000ecb80000,0x00000000ed07dbb8,0x00000000ed080000)
  to   space 5120K, 0% used [0x00000000ed080000,0x00000000ed080000,0x00000000ed580000)
 ParOldGen       total 87552K, used 1077K [0x00000000c0000000, 0x00000000c5580000, 0x00000000eab00000)
  object space 87552K, 1% used [0x00000000c0000000,0x00000000c010d438,0x00000000c5580000)
 Metaspace       used 6216K, capacity 7088K, committed 7296K, reserved 1056768K
  class space    used 602K, capacity 616K, committed 640K, reserved 1048576K
Event: 3.010 GC heap after
Heap after GC invocations=2 (full 0):
 PSYoungGen      total 38400K, used 5090K [0x00000000eab00000, 0x00000000ed580000, 0x0000000100000000)
  eden space 33280K, 0% used [0x00000000eab00000,0x00000000eab00000,0x00000000ecb80000)
  from space 5120K, 99% used [0x00000000ed080000,0x00000000ed578a40,0x00000000ed580000)
  to   space 5120K, 0% used [0x00000000ecb80000,0x00000000ecb80000,0x00000000ed080000)
 ParOldGen       total 87552K, used 5385K [0x00000000c0000000, 0x00000000c5580000, 0x00000000eab00000)
  object space 87552K, 6% used [0x00000000c0000000,0x00000000c05427c8,0x00000000c5580000)
 Metaspace       used 6216K, capacity 7088K, committed 7296K, reserved 1056768K
  class space    used 602K, capacity 616K, committed 640K, reserved 1048576K
}
Event: 3.371 GC heap before
{Heap before GC invocations=3 (full 0):
 PSYoungGen      total 38400K, used 38370K [0x00000000eab00000, 0x00000000ed580000, 0x0000000100000000)
  eden space 33280K, 100% used [0x00000000eab00000,0x00000000ecb80000,0x00000000ecb80000)
  from space 5120K, 99% used [0x00000000ed080000,0x00000000ed578a40,0x00000000ed580000)
  to   space 5120K, 0% used [0x00000000ecb80000,0x00000000ecb80000,0x00000000ed080000)
 ParOldGen       total 87552K, used 5385K [0x00000000c0000000, 0x00000000c5580000, 0x00000000eab00000)
  object space 87552K, 6% used [0x00000000c0000000,0x00000000c05427c8,0x00000000c5580000)
 Metaspace       used 6259K, capacity 7152K, committed 7296K, reserved 1056768K
  class space    used 602K, capacity 616K, committed 640K, reserved 1048576K
Event: 3.501 GC heap after
Heap after GC invocations=3 (full 0):
 PSYoungGen      total 38400K, used 5095K [0x00000000eab00000, 0x00000000ef600000, 0x0000000100000000)
  eden space 33280K, 0% used [0x00000000eab00000,0x00000000eab00000,0x00000000ecb80000)
  from space 5120K, 99% used [0x00000000ecb80000,0x00000000ed079fe0,0x00000000ed080000)
  to   space 5120K, 0% used [0x00000000ef100000,0x00000000ef100000,0x00000000ef600000)
 ParOldGen       total 87552K, used 10500K [0x00000000c0000000, 0x00000000c5580000, 0x00000000eab00000)
  object space 87552K, 11% used [0x00000000c0000000,0x00000000c0a41208,0x00000000c5580000)
 Metaspace       used 6259K, capacity 7152K, committed 7296K, reserved 1056768K
  class space    used 602K, capacity 616K, committed 640K, reserved 1048576K
}

Deoptimization events (10 events):
Event: 2.890 Thread 0x0000000001dbe000 Uncommon trap: reason=unloaded action=reinterpret pc=0x00000000025f17f4 method=com.android.dx.cf.cst.ConstantPoolParser.parse0(ILjava/util/BitSet;)Lcom/android/dx/rop/cst/Constant; @ 198
Event: 2.902 Thread 0x00000000162b8000 Uncommon trap: reason=bimorphic action=maybe_recompile pc=0x00000000024375b4 method=java.util.HashMap.putVal(ILjava/lang/Object;Ljava/lang/Object;ZZ)Ljava/lang/Object; @ 203
Event: 3.040 Thread 0x0000000001dbe000 Uncommon trap: reason=unstable_if action=reinterpret pc=0x000000000253af30 method=com.android.dx.ssa.SCCP.simulateStmt(Lcom/android/dx/ssa/SsaInsn;)V @ 53
Event: 3.099 Thread 0x0000000001dbe000 Uncommon trap: reason=unstable_if action=reinterpret pc=0x00000000024778fc method=com.android.dx.util.IntList.binarysearch(I)I @ 105
Event: 3.236 Thread 0x0000000001dbe000 Uncommon trap: reason=bimorphic action=maybe_recompile pc=0x0000000002651b08 method=com.android.dx.cf.code.BytecodeArray.parseInstruction(ILcom/android/dx/cf/code/BytecodeArray$Visitor;)I @ 939
Event: 3.236 Thread 0x0000000001dbe000 Uncommon trap: reason=bimorphic action=maybe_recompile pc=0x0000000002651b08 method=com.android.dx.cf.code.BytecodeArray.parseInstruction(ILcom/android/dx/cf/code/BytecodeArray$Visitor;)I @ 939
Event: 3.258 Thread 0x00000000162b8000 Uncommon trap: reason=bimorphic action=maybe_recompile pc=0x0000000002651b08 method=com.android.dx.cf.code.BytecodeArray.parseInstruction(ILcom/android/dx/cf/code/BytecodeArray$Visitor;)I @ 939
Event: 3.259 Thread 0x00000000162b8000 Uncommon trap: reason=bimorphic action=maybe_recompile pc=0x0000000002651b08 method=com.android.dx.cf.code.BytecodeArray.parseInstruction(ILcom/android/dx/cf/code/BytecodeArray$Visitor;)I @ 939
Event: 3.528 Thread 0x00000000162b7000 Uncommon trap: reason=unstable_if action=reinterpret pc=0x00000000026b71cc method=com.android.dx.ssa.LiteralOpUpgrader$1.visitNonMoveInsn(Lcom/android/dx/ssa/NormalSsaInsn;)V @ 55
Event: 3.529 Thread 0x00000000162b7000 Uncommon trap: reason=unstable_if action=reinterpret pc=0x00000000023b6a5c method=com.android.dx.ssa.SsaMethod.updateOneDefinition(Lcom/android/dx/ssa/SsaInsn;Lcom/android/dx/rop/code/RegisterSpec;)V @ 4

Internal exceptions (2 events):
Event: 0.086 Thread 0x0000000001dbe000 Exception <a 'java/lang/NoSuchMethodError': Method sun.misc.Unsafe.defineClass(Ljava/lang/String;[BII)Ljava/lang/Class; name or signature does not match> (0x00000000eab0d9d0) thrown at [D:\re\puppet\workspace\8-2-build-windows-amd64-cygwin\jdk8u73\6086\hotnè_*$¶?
Event: 0.086 Thread 0x0000000001dbe000 Exception <a 'java/lang/NoSuchMethodError': Method sun.misc.Unsafe.prefetchRead(Ljava/lang/Object;J)V name or signature does not match> (0x00000000eab0dcb8) thrown at [D:\re\puppet\workspace\8-2-build-windows-amd64-cygwin\jdk8u73\6086\hotspot\src\share\vm\

Events (10 events):
Event: 3.269 Executing VM operation: ParallelGCFailedAllocation
Event: 3.501 Executing VM operation: ParallelGCFailedAllocation done
Event: 3.528 Thread 0x00000000162b7000 Uncommon trap: trap_request=0xffffff65 fr.pc=0x00000000026b71cc
Event: 3.528 Thread 0x00000000162b7000 DEOPT PACKING pc=0x00000000026b71cc sp=0x000000001714e530
Event: 3.528 Thread 0x00000000162b7000 DEOPT UNPACKING pc=0x000000000208582a sp=0x000000001714e510 mode 2
Event: 3.528 loading class com/android/dx/rop/code/RegOps
Event: 3.528 loading class com/android/dx/rop/code/RegOps done
Event: 3.529 Thread 0x00000000162b7000 Uncommon trap: trap_request=0xffffff65 fr.pc=0x00000000023b6a5c
Event: 3.529 Thread 0x00000000162b7000 DEOPT PACKING pc=0x00000000023b6a5c sp=0x000000001714e370
Event: 3.529 Thread 0x00000000162b7000 DEOPT UNPACKING pc=0x000000000208582a sp=0x000000001714e318 mode 2


Dynamic libraries:
0x00007ff623170000 - 0x00007ff6231a7000 	C:\Program Files\Java\jdk1.8.0_73\bin\java.exe
0x00007ffc9c400000 - 0x00007ffc9c5c2000 	C:\WINDOWS\SYSTEM32\ntdll.dll
0x00007ffc9a4a0000 - 0x00007ffc9a54d000 	C:\WINDOWS\system32\KERNEL32.DLL
0x00007ffc998b0000 - 0x00007ffc99a8d000 	C:\WINDOWS\system32\KERNELBASE.dll
0x00007ffc9a780000 - 0x00007ffc9a826000 	C:\WINDOWS\system32\ADVAPI32.dll
0x00007ffc99f60000 - 0x00007ffc99ffd000 	C:\WINDOWS\system32\msvcrt.dll
0x00007ffc99f00000 - 0x00007ffc99f5b000 	C:\WINDOWS\system32\sechost.dll
0x00007ffc9a0a0000 - 0x00007ffc9a1c6000 	C:\WINDOWS\system32\RPCRT4.dll
0x00007ffc9aa10000 - 0x00007ffc9ab5e000 	C:\WINDOWS\system32\USER32.dll
0x00007ffc99af0000 - 0x00007ffc99c76000 	C:\WINDOWS\system32\GDI32.dll
0x00007ffc91a10000 - 0x00007ffc91c84000 	C:\WINDOWS\WinSxS\amd64_microsoft.windows.common-controls_6595b64144ccf1df_6.0.10240.16384_none_f41f7b285750ef43\COMCTL32.dll
0x00007ffc9a2b0000 - 0x00007ffc9a2e6000 	C:\WINDOWS\system32\IMM32.DLL
0x00007ffc9a5c0000 - 0x00007ffc9a71c000 	C:\WINDOWS\system32\MSCTF.dll
0x0000000069f90000 - 0x000000006a062000 	C:\Program Files\Java\jdk1.8.0_73\jre\bin\msvcr100.dll
0x000000006a3f0000 - 0x000000006ac80000 	C:\Program Files\Java\jdk1.8.0_73\jre\bin\server\jvm.dll
0x00007ffc9c0d0000 - 0x00007ffc9c0d8000 	C:\WINDOWS\system32\PSAPI.DLL
0x00007ffc911d0000 - 0x00007ffc911d9000 	C:\WINDOWS\SYSTEM32\WSOCK32.dll
0x00007ffc9a030000 - 0x00007ffc9a099000 	C:\WINDOWS\system32\WS2_32.dll
0x00007ffc9a5b0000 - 0x00007ffc9a5b8000 	C:\WINDOWS\system32\NSI.dll
0x00007ffc97470000 - 0x00007ffc97493000 	C:\WINDOWS\SYSTEM32\WINMM.dll
0x00007ffc90cc0000 - 0x00007ffc90cca000 	C:\WINDOWS\SYSTEM32\VERSION.dll
0x00007ffc97410000 - 0x00007ffc9743c000 	C:\WINDOWS\SYSTEM32\WINMMBASE.dll
0x00007ffc99860000 - 0x00007ffc998a4000 	C:\WINDOWS\system32\cfgmgr32.dll
0x00007ffc97760000 - 0x00007ffc97787000 	C:\WINDOWS\SYSTEM32\DEVOBJ.dll
0x000000006bc40000 - 0x000000006bc4f000 	C:\Program Files\Java\jdk1.8.0_73\jre\bin\verify.dll
0x000000006a3c0000 - 0x000000006a3e9000 	C:\Program Files\Java\jdk1.8.0_73\jre\bin\java.dll
0x000000006a3a0000 - 0x000000006a3b6000 	C:\Program Files\Java\jdk1.8.0_73\jre\bin\zip.dll
0x00007ffc9ab60000 - 0x00007ffc9c0c8000 	C:\WINDOWS\system32\SHELL32.dll
0x00007ffc991d0000 - 0x00007ffc997f8000 	C:\WINDOWS\system32\windows.storage.dll
0x00007ffc99c80000 - 0x00007ffc99efc000 	C:\WINDOWS\system32\combase.dll
0x00007ffc9a550000 - 0x00007ffc9a5a1000 	C:\WINDOWS\system32\shlwapi.dll
0x00007ffc98e60000 - 0x00007ffc98e6f000 	C:\WINDOWS\system32\kernel.appcore.dll
0x00007ffc98e90000 - 0x00007ffc98f43000 	C:\WINDOWS\system32\shcore.dll
0x00007ffc98e10000 - 0x00007ffc98e5a000 	C:\WINDOWS\system32\powrprof.dll
0x00007ffc98df0000 - 0x00007ffc98e03000 	C:\WINDOWS\system32\profapi.dll
0x00007ffc9a950000 - 0x00007ffc9aa0e000 	C:\WINDOWS\system32\OLEAUT32.dll

VM Arguments:
jvm_args: -Djava.awt.headless=true -Xmx1024M -Dfile.encoding=windows-1252 -Duser.country=US -Duser.language=en -Duser.variant 
java_command: com.android.dx.command.Main --dex --force-jumbo --num-threads=4 --multi-dex --output C:\Users\Geoffrey\Google Drive\AndroidStudioProjects\JustJava2\app\build\intermediates\transforms\dex\debug\folders\1000\10\com.android.support-appcompat-v7-23.1.1_40adcf7b6beb0fca09b491d7d6c4eb9a75a56a00 C:\Users\Geoffrey\Google Drive\AndroidStudioProjects\JustJava2\app\build\intermediates\exploded-aar\com.android.support\appcompat-v7\23.1.1\jars\classes.jar
java_class_path (initial): C:\Users\Geoffrey\AppData\Local\Android\sdk\build-tools\23.0.2\lib\dx.jar
Launcher Type: SUN_STANDARD

Environment Variables:
JAVA_HOME=C:\Program Files\Java\jdk1.8.0_73
CLASSPATH=c:\program files\java\jdk1.7.0_40\db\lib\derby.jar;c:\program files\java\jdk1.7.0_40\db\lib\derbytools.jar
PATH=C:\ProgramData\Oracle\Java\javapath;C:\Program Files (x86)\Intel\iCLS Client\;C:\Program Files\Intel\iCLS Client\;C:\WINDOWS\system32;C:\WINDOWS;C:\WINDOWS\System32\Wbem;C:\WINDOWS\System32\WindowsPowerShell\v1.0\;C:\Program Files (x86)\Intel\OpenCL SDK\2.0\bin\x86;C:\Program Files (x86)\Intel\OpenCL SDK\2.0\bin\x64;C:\Program Files (x86)\Windows Live\Shared;C:\Program Files (x86)\Git\cmd;;C:\Program Files (x86)\Ampps\php;C:\ProgramData\Composer\bin;C:\Program Files (x86)\GnuWin32\bin;C:\Program Files\Intel\WiFi\bin\;C:\Program Files\Common Files\Intel\WirelessCommon\;C:\Program Files\Java\jdk1.8.0_73\bin;C:\HashiCorp\Vagrant\bin;;C:\Program Files (x86)\Intel\Intel(R) Management Engine Components\DAL;C:\Program Files\Intel\Intel(R) Management Engine Components\DAL;C:\Program Files (x86)\Intel\Intel(R) Management Engine Components\IPT;C:\Program Files\Intel\Intel(R) Management Engine Components\IPT;C:\RailsInstaller\Ruby1.9.3\bin;C:\Program Files\Intel\WiFi\bin\;C:\Program Files\Common Files\Intel\WirelessCommon\
USERNAME=Geoffrey
OS=Windows_NT
PROCESSOR_IDENTIFIER=Intel64 Family 6 Model 58 Stepping 9, GenuineIntel



---------------  S Y S T E M  ---------------

OS: Windows 10.0 , 64 bit Build 10240 (10.0.10240.16384)

CPU:total 4 (2 cores per cpu, 2 threads per core) family 6 model 58 stepping 9, cmov, cx8, fxsr, mmx, sse, sse2, sse3, ssse3, sse4.1, sse4.2, popcnt, avx, aes, clmul, erms, ht, tsc, tscinvbit, tscinv

Memory: 4k page, physical 8271552k(1226844k free), swap 9320128k(5612k free)

vm_info: Java HotSpot(TM) 64-Bit Server VM (25.73-b02) for windows-amd64 JRE (1.8.0_73-b02), built on Jan 29 2016 17:38:49 by "java_re" with MS VC++ 10.0 (VS2010)

time: Fri Apr 15 01:06:13 2016
elapsed time: 3 seconds (0d 0h 0m 3s)

